[Step 5] Using STEP NEXT-61 canonical JSONL (converted to temp CSV)
[Step 5] Build Coverage Cards (STEP NEXT-61)
[Step 5] Insurer: meritz
[Step 5] Input scope: /var/folders/8c/r6cmpwpx2gb0hyhykzj3390w0000gn/T/step5_meritz_synwxxck.csv
[Step 5] Input evidence: /Users/cheollee/inca-rag-scope/data/evidence_pack/meritz_evidence_pack.jsonl

[STEP NEXT-61 Meta Validation]
  Scope file: step5_meritz_synwxxck.csv (temp CSV from JSONL)
  Evidence pack created: 2026-01-01T06:53:06.629701Z
  ✓ Hash validation skipped (JSONL→CSV conversion)

[STEP NEXT-31-P1 Join-rate Gate]
  Scope rows: 29
  Evidence pack rows: 29
  Join hits: 29
  Join rate: 100.00%
  ✓ GATE-5-2 passed: Join rate 100.00% ≥ 95%
  ✓ GATE-5-1 passed: Coverage count matches (29)

[Step 5] Coverage cards created:
  - Total coverages: 29
  - Matched: 20
  - Unmatched: 9
  - Evidence found: 29
  - Evidence not found: 0

✓ Cards: /Users/cheollee/inca-rag-scope/data/compare/meritz_coverage_cards.jsonl
