[Step 4] Evidence Search (STEP NEXT-61)
[Step 4] Input SSOT: /Users/cheollee/inca-rag-scope/data/scope_v3/db_over41_step2_canonical_scope_v1.jsonl
[Step 4] Evidence text: /Users/cheollee/inca-rag-scope/data/evidence_text/db_over41/
  [1. 상해사망·후유장해(20-100%)] 약관:0 사업방법서:0 상품요약서:0
  [3. 상해사망] 약관:0 사업방법서:0 상품요약서:0
  [4. 상해후유장해(3-100%)] 약관:0 사업방법서:0 상품요약서:0
  [5. 질병사망] 약관:0 사업방법서:0 상품요약서:0
  [6. 상해수술비(동일사고당1회지급)] 약관:0 사업방법서:0 상품요약서:0
  [7. 골절진단비(치아제외)] 약관:0 사업방법서:0 상품요약서:0
  [8. 계속받는암진단비(유사암,대장점막내암및전립선암제외)] 약관:0 사업방법서:0 상품요약서:0
  [9. 암진단비Ⅱ(유사암제외)] 약관:0 사업방법서:0 상품요약서:0
  [10. 유사암진단비Ⅱ(1년감액지급)] 약관:0 사업방법서:0 상품요약서:0
  [11. 고액치료비암진단비] 약관:0 사업방법서:0 상품요약서:0
  [12. 암수술비(유사암제외)(최초1회한)] 약관:0 사업방법서:0 상품요약서:0
  [13. 유사암수술비] 약관:0 사업방법서:0 상품요약서:0
  [14. 다빈치로봇암수술비(연간1회한,특정암)] 약관:0 사업방법서:0 상품요약서:0
  [15. 다빈치로봇암수술비(연간1회한,특정암제외)] 약관:0 사업방법서:0 상품요약서:0
  [16. 표적항암약물허가치료비(최초1회한)(갱신형)] 약관:0 사업방법서:0 상품요약서:0
  [17. 항암방사선약물치료비(유사암포함)] 약관:0 사업방법서:0 상품요약서:0
  [18. 암직접치료입원일당Ⅱ(요양병원제외)(1일이상180일한도)] 약관:0 사업방법서:0 상품요약서:0
  [19. 뇌졸중진단비] 약관:0 사업방법서:0 상품요약서:0
  [20. 뇌출혈진단비] 약관:0 사업방법서:0 상품요약서:0
  [21. 뇌혈관질환진단비] 약관:0 사업방법서:0 상품요약서:0
  [22. 뇌혈관질환수술비] 약관:0 사업방법서:0 상품요약서:0
  [23. 허혈심장질환진단비] 약관:0 사업방법서:0 상품요약서:0
  [24. 심근병증진단비] 약관:0 사업방법서:0 상품요약서:0
  [25. 주요심장염증질환진단비] 약관:0 사업방법서:0 상품요약서:0
  [26. 심장판막협착증진단비(대동맥판막)] 약관:0 사업방법서:0 상품요약서:0
  [27. 허혈심장질환수술비] 약관:0 사업방법서:0 상품요약서:0
  [28. 혈전용해치료비Ⅲ(최초1회한)] 약관:0 사업방법서:0 상품요약서:0
  [29. 질병수술비(매회지급)] 약관:0 사업방법서:0 상품요약서:0
  [30. 상해입원일당(1일이상180일한도)] 약관:0 사업방법서:0 상품요약서:0
  [31. 질병입원일당(1일이상180일한도)] 약관:0 사업방법서:0 상품요약서:0

[Step 4] Evidence pack created:
  - Total coverages: 30
  - Matched: 29
  - Unmatched: 1
  - With evidence: 0
  - Without evidence: 30

✓ Evidence pack: /Users/cheollee/inca-rag-scope/data/evidence_pack/db_over41_evidence_pack.jsonl
✓ Unmatched review: /Users/cheollee/inca-rag-scope/data/scope_v3/db_over41_step4_unmatched_review.jsonl
