[Step 5] Using STEP NEXT-61 canonical JSONL (converted to temp CSV)
[Step 5] Build Coverage Cards (STEP NEXT-61)
[Step 5] Insurer: hanwha
[Step 5] Input scope: /var/folders/8c/r6cmpwpx2gb0hyhykzj3390w0000gn/T/step5_hanwha_sdvt13yh.csv
[Step 5] Input evidence: /Users/cheollee/inca-rag-scope/data/evidence_pack/hanwha_evidence_pack.jsonl

[STEP NEXT-61 Meta Validation]
  Scope file: step5_hanwha_sdvt13yh.csv (temp CSV from JSONL)
  Evidence pack created: 2026-01-01T07:04:04.867391Z
  ✓ Hash validation skipped (JSONL→CSV conversion)

[STEP NEXT-31-P1 Join-rate Gate]
  Scope rows: 32
  Evidence pack rows: 32
  Join hits: 32
  Join rate: 100.00%
  ✓ GATE-5-2 passed: Join rate 100.00% ≥ 95%
  ✓ GATE-5-1 passed: Coverage count matches (32)

[Step 5] Coverage cards created:
  - Total coverages: 32
  - Matched: 28
  - Unmatched: 4
  - Evidence found: 31
  - Evidence not found: 1

✓ Cards: /Users/cheollee/inca-rag-scope/data/compare/hanwha_coverage_cards.jsonl
