[Step 4] Evidence Search (STEP NEXT-61)
[Step 4] Input SSOT: /Users/cheollee/inca-rag-scope/data/scope_v3/hanwha_step2_canonical_scope_v1.jsonl
[Step 4] Evidence text: /Users/cheollee/inca-rag-scope/data/evidence_text/hanwha/
  [보통약관(상해사망)] 약관:3 사업방법서:3 상품요약서:3
  [상해후유장해(3-100%)] 약관:3 사업방법서:2 상품요약서:3
  [질병사망] 약관:3 사업방법서:3 상품요약서:3
  [골절(치아파절제외)진단비] 약관:3 사업방법서:3 상품요약서:3
  [화상진단비] 약관:3 사업방법서:3 상품요약서:3
  [암(4대유사암제외)진단비] 약관:3 사업방법서:3 상품요약서:3
  [4대유사암진단비] 약관:3 사업방법서:3 상품요약서:3
  [- 4대유사암진단비(기타피부암)] 약관:3 사업방법서:3 상품요약서:3
  [- 4대유사암진단비(제자리암)] 약관:3 사업방법서:3 상품요약서:3
  [- 4대유사암진단비(경계성종양)] 약관:3 사업방법서:3 상품요약서:3
  [- 4대유사암진단비(갑상선암)] 약관:3 사업방법서:3 상품요약서:3
  [특정유사암항암방사선치료비(세부보장별각1회한)] 약관:3 사업방법서:3 상품요약서:3
  [암(4대유사암제외)항암방사선치료비(1회한)] 약관:3 사업방법서:3 상품요약서:3
  [암(4대유사암제외)항암약물치료비(1회한)] 약관:3 사업방법서:3 상품요약서:3
  [특정유사암항암약물치료비(세부보장별각1회한)] 약관:3 사업방법서:3 상품요약서:3
  [암(특정유사암포함)표적항암약물허가치료비(1회한)(갱신형)] 약관:3 사업방법서:3 상품요약서:3
  [카티(CAR-T)항암약물허가치료비(1회한)(갱신형)] 약관:3 사업방법서:3 상품요약서:3
  [뇌혈관질환진단비] 약관:3 사업방법서:3 상품요약서:3
  [뇌졸중진단비] 약관:3 사업방법서:3 상품요약서:3
  [심혈관특정질환Ⅰ진단비] 약관:3 사업방법서:3 상품요약서:3
  [심혈관특정질환Ⅱ진단비] 약관:3 사업방법서:3 상품요약서:3
  [심혈관특정질환Ⅰ(기타심장부정맥제외)진단비] 약관:3 사업방법서:3 상품요약서:3
  [허혈성심장질환진단비] 약관:3 사업방법서:3 상품요약서:3
  [심근병증진단비] 약관:3 사업방법서:3 상품요약서:3
  [심장판막협착증(대동맥판막)진단비] 약관:3 사업방법서:3 상품요약서:3
  [주요심장염증질환진단비] 약관:3 사업방법서:3 상품요약서:3
  [상해수술비] 약관:3 사업방법서:3 상품요약서:3
  [질병수술비] 약관:3 사업방법서:3 상품요약서:3
  [암(4대유사암제외)수술비Ⅱ(수술1회당)] 약관:3 사업방법서:3 상품요약서:3
  [4대유사암수술비Ⅱ(수술1회당)] 약관:3 사업방법서:3 상품요약서:3
  [암(갑상선암및전립선암제외)다빈치로봇수술비(1회한)(갱신형)] 약관:3 사업방법서:3 상품요약서:3
  [10. 질병사망 1,] 약관:0 사업방법서:0 상품요약서:0

[Step 4] Evidence pack created:
  - Total coverages: 32
  - Matched: 28
  - Unmatched: 4
  - With evidence: 31
  - Without evidence: 1

✓ Evidence pack: /Users/cheollee/inca-rag-scope/data/evidence_pack/hanwha_evidence_pack.jsonl
✓ Unmatched review: /Users/cheollee/inca-rag-scope/data/scope_v3/hanwha_step4_unmatched_review.jsonl
