[Step 4] Evidence Search (STEP NEXT-61)
[Step 4] Input SSOT: /Users/cheollee/inca-rag-scope/data/scope_v3/heungkuk_step2_canonical_scope_v1.jsonl
[Step 4] Evidence text: /Users/cheollee/inca-rag-scope/data/evidence_text/heungkuk/
  [일반상해후유장해(80%이상)] 약관:3 사업방법서:3 상품요약서:3
  [질병후유장해(80%이상)(감액없음)] 약관:3 사업방법서:3 상품요약서:3
  [일반상해사망] 약관:3 사업방법서:3 상품요약서:3
  [질병사망(감액없음)] 약관:3 사업방법서:3 상품요약서:3
  [일반상해후유장해(3~100%)] 약관:3 사업방법서:3 상품요약서:2
  [골절진단비(치아파절제외)] 약관:3 사업방법서:3 상품요약서:3
  [화상진단비] 약관:3 사업방법서:3 상품요약서:3
  [뇌졸중진단비] 약관:3 사업방법서:3 상품요약서:3
  [허혈성심질환진단비] 약관:3 사업방법서:3 상품요약서:3
  [주요심장염증질환진단비] 약관:3 사업방법서:2 상품요약서:2
  [뇌혈관질환진단비] 약관:3 사업방법서:3 상품요약서:3
  [심장판막협착증(대동맥판막)진단비] 약관:3 사업방법서:2 상품요약서:0
  [뇌출혈진단비] 약관:3 사업방법서:3 상품요약서:3
  [특정심혈관질환(기타심장부정맥)진단비Ⅲ] 약관:3 사업방법서:2 상품요약서:0
  [특정심혈관질환(기타심장부정맥제외)진단비Ⅲ] 약관:3 사업방법서:3 상품요약서:2
  [심근병증(허혈성제외)진단비] 약관:3 사업방법서:2 상품요약서:1
  [뇌졸중 혈전용해치료비(1회한)] 약관:3 사업방법서:3 상품요약서:3
  [특정허혈성심질환 혈전용해치료비(1회한)] 약관:3 사업방법서:3 상품요약서:3
  [암진단비(유사암제외)] 약관:3 사업방법서:3 상품요약서:3
  [유사암진단비] 약관:3 사업방법서:3 상품요약서:3
  [재진단암Ⅲ진단비] 약관:3 사업방법서:3 상품요약서:3
  [고액치료비암진단비] 약관:3 사업방법서:3 상품요약서:2
  [[갱신형]표적항암약물허가치료비Ⅱ(갱신형_10년)] 약관:0 사업방법서:0 상품요약서:0
  [[갱신형]카티(CAR-T) 항암약물허가치료비(연간1회한)(갱신형_10년)] 약관:3 사업방법서:3 상품요약서:3
  [암직접치료입원비(요양병원제외)(1일-180일)] 약관:3 사업방법서:3 상품요약서:3
  [암수술비(유사암제외)] 약관:3 사업방법서:3 상품요약서:3
  [유사암수술비] 약관:3 사업방법서:3 상품요약서:3
  [[갱신형]다빈치및레보아이로봇 암수술비(갑상선암 및 전립선암 제외)(최초1회한)(갱
신형_10년)] 약관:0 사업방법서:0 상품요약서:0
  [[갱신형]다빈치및레보아이로봇 암수술비(갑상선암 및 전립선암)(최초1회한)(갱신형
_10년)] 약관:0 사업방법서:0 상품요약서:0
  [일반상해입원비(1일-180일)] 약관:3 사업방법서:3 상품요약서:3
  [질병입원비(1일-180일)] 약관:3 사업방법서:3 상품요약서:3
  [상해수술비] 약관:3 사업방법서:3 상품요약서:3
  [질병수술비] 약관:3 사업방법서:3 상품요약서:3
  [뇌혈관질환수술비] 약관:3 사업방법서:3 상품요약서:3
  [허혈성심질환수술비] 약관:3 사업방법서:3 상품요약서:3

[Step 4] Evidence pack created:
  - Total coverages: 35
  - Matched: 32
  - Unmatched: 3
  - With evidence: 33
  - Without evidence: 2

✓ Evidence pack: /Users/cheollee/inca-rag-scope/data/evidence_pack/heungkuk_evidence_pack.jsonl
✓ Unmatched review: /Users/cheollee/inca-rag-scope/data/scope_v3/heungkuk_step4_unmatched_review.jsonl
