[Step 5] Using STEP NEXT-61 canonical JSONL (converted to temp CSV)
[Step 5] Build Coverage Cards (STEP NEXT-61)
[Step 5] Insurer: hyundai
[Step 5] Input scope: /var/folders/8c/r6cmpwpx2gb0hyhykzj3390w0000gn/T/step5_hyundai_q7j364db.csv
[Step 5] Input evidence: /Users/cheollee/inca-rag-scope/data/evidence_pack/hyundai_evidence_pack.jsonl

[STEP NEXT-61 Meta Validation]
  Scope file: step5_hyundai_q7j364db.csv (temp CSV from JSONL)
  Evidence pack created: 2026-01-01T07:04:19.536530Z
  ✓ Hash validation skipped (JSONL→CSV conversion)

[STEP NEXT-31-P1 Join-rate Gate]
  Scope rows: 36
  Evidence pack rows: 36
  Join hits: 36
  Join rate: 100.00%
  ✓ GATE-5-2 passed: Join rate 100.00% ≥ 95%
  ✓ GATE-5-1 passed: Coverage count matches (36)

[Step 5] Coverage cards created:
  - Total coverages: 36
  - Matched: 25
  - Unmatched: 11
  - Evidence found: 36
  - Evidence not found: 0

✓ Cards: /Users/cheollee/inca-rag-scope/data/compare/hyundai_coverage_cards.jsonl
