[Step 4] Evidence Search (STEP NEXT-61)
[Step 4] Input SSOT: /Users/cheollee/inca-rag-scope/data/scope_v3/hyundai_step2_canonical_scope_v1.jsonl
[Step 4] Evidence text: /Users/cheollee/inca-rag-scope/data/evidence_text/hyundai/
  [1. 기본계약(상해사망)] 약관:3 사업방법서:3 상품요약서:3
  [2. 기본계약(상해후유장해)] 약관:0 사업방법서:0 상품요약서:0
  [4. 골절진단(치아파절제외)담보] 약관:3 사업방법서:3 상품요약서:3
  [5. 화상진단담보] 약관:3 사업방법서:3 상품요약서:3
  [6. 상해입원일당(1-180일)담보] 약관:3 사업방법서:3 상품요약서:3
  [7. 상해수술담보] 약관:3 사업방법서:3 상품요약서:3
  [8. 질병사망담보] 약관:3 사업방법서:3 상품요약서:3
  [9. 암진단Ⅱ(유사암제외)담보] 약관:3 사업방법서:3 상품요약서:3
  [10. 유사암진단Ⅱ담보] 약관:3 사업방법서:3 상품요약서:3
  [11. 고액치료비암진단담보] 약관:3 사업방법서:3 상품요약서:3
  [12. 재진단암진단Ⅱ담보] 약관:3 사업방법서:3 상품요약서:3
  [13. 뇌출혈진단담보] 약관:3 사업방법서:3 상품요약서:3
  [14. 뇌졸중진단담보] 약관:3 사업방법서:3 상품요약서:3
  [15. 뇌혈관질환진단담보] 약관:3 사업방법서:3 상품요약서:3
  [16. 허혈심장질환진단담보] 약관:3 사업방법서:3 상품요약서:3
  [17. 심혈관질환(특정Ⅰ,I49제외)진단담보] 약관:3 사업방법서:3 상품요약서:3
  [18. 심혈관질환(I49)진단담보] 약관:3 사업방법서:3 상품요약서:3
  [19. 심혈관질환(주요심장염증)진단담보] 약관:3 사업방법서:3 상품요약서:3
  [20. 심혈관질환(특정Ⅱ)진단담보] 약관:3 사업방법서:3 상품요약서:3
  [21. 심혈관질환(특정2대)진단담보] 약관:3 사업방법서:3 상품요약서:3
  [22. 심혈관질환(대동맥판막협착증)진단담보] 약관:3 사업방법서:3 상품요약서:3
  [23. 심혈관질환(심근병증)진단담보] 약관:3 사업방법서:3 상품요약서:3
  [24. 항암약물치료Ⅱ담보] 약관:3 사업방법서:3 상품요약서:3
  [25. 항암방사선치료Ⅱ담보] 약관:3 사업방법서:3 상품요약서:3
  [26. 표적항암약물허가치료(갱신형)담보] 약관:3 사업방법서:3 상품요약서:3
  [27. 카티(CAR-T)항암약물허가치료(연간1회한)(갱신형)담보] 약관:3 사업방법서:3 상품요약서:3
  [28. 질병입원일당(1-180일)담보] 약관:3 사업방법서:3 상품요약서:3
  [29. 암직접치료입원일당(1-180일,요양병원제외)담보] 약관:3 사업방법서:3 상품요약서:3
  [30. 질병수술담보] 약관:3 사업방법서:3 상품요약서:3
  [33. 암수술담보] 약관:3 사업방법서:3 상품요약서:3
  [34. 뇌혈관질환수술담보] 약관:3 사업방법서:3 상품요약서:3
  [35. 허혈심장질환수술담보] 약관:3 사업방법서:3 상품요약서:3
  [36. 혈전용해치료비Ⅱ(최초1회한)(뇌졸중)담보] 약관:3 사업방법서:3 상품요약서:3
  [37. 혈전용해치료비Ⅱ(최초1회한)(특정심장질환)담보] 약관:0 사업방법서:0 상품요약서:0
  [로봇암수술(다빈치및레보아이
)(갑상선암및전립선암제외)(최
초1회한)(갱신형)담보] 약관:0 사업방법서:0 상품요약서:0
  [로봇암수술(다빈치및레보아이
)(갑상선암및전립선암)(최초
1회한)(갱신형)담보] 약관:0 사업방법서:0 상품요약서:0

[Step 4] Evidence pack created:
  - Total coverages: 36
  - Matched: 25
  - Unmatched: 11
  - With evidence: 36
  - Without evidence: 0

✓ Evidence pack: /Users/cheollee/inca-rag-scope/data/evidence_pack/hyundai_evidence_pack.jsonl
✓ Unmatched review: /Users/cheollee/inca-rag-scope/data/scope_v3/hyundai_step4_unmatched_review.jsonl
