[Step 4] Evidence Search (STEP NEXT-61)
[Step 4] Input SSOT: /Users/cheollee/inca-rag-scope/data/scope_v3/kb_step2_canonical_scope_v1.jsonl
[Step 4] Evidence text: /Users/cheollee/inca-rag-scope/data/evidence_text/kb/
  [1. 일반상해사망(기본)] 약관:3 사업방법서:1 상품요약서:3
  [2. 일반상해후유장해(20~100%)(기본)] 약관:0 사업방법서:0 상품요약서:0
  [5. 일반상해후유장해(3%~100%)] 약관:3 사업방법서:1 상품요약서:1
  [8. 질병사망] 약관:3 사업방법서:3 상품요약서:3
  [70. 암진단비(유사암제외)] 약관:3 사업방법서:1 상품요약서:0
  [72. 10대고액치료비암진단비] 약관:3 사업방법서:2 상품요약서:3
  [74. 유사암진단비] 약관:3 사업방법서:3 상품요약서:3
  [85. 재진단암진단비] 약관:3 사업방법서:3 상품요약서:3
  [91. 뇌혈관질환진단비] 약관:3 사업방법서:3 상품요약서:3
  [93. 뇌졸중진단비] 약관:3 사업방법서:3 상품요약서:3
  [95. 뇌출혈진단비] 약관:3 사업방법서:3 상품요약서:3
  [97. 심장질환(특정Ⅰ) 진단비] 약관:3 사업방법서:3 상품요약서:3
  [98. 심장질환(특정Ⅱ) 진단비] 약관:3 사업방법서:3 상품요약서:3
  [101. 허혈성심장질환진단비] 약관:3 사업방법서:3 상품요약서:3
  [105. 부정맥질환(Ⅰ49)진단비] 약관:0 사업방법서:0 상품요약서:0
  [108. 심근병증진단비] 약관:3 사업방법서:3 상품요약서:3
  [109. 심장판막협착증(대동맥판막)진단비] 약관:3 사업방법서:3 상품요약서:3
  [152. 골절진단비Ⅱ(치아파절제외)] 약관:3 사업방법서:0 상품요약서:0
  [159. 화상진단비] 약관:3 사업방법서:2 상품요약서:3
  [161. 질병수술비] 약관:3 사업방법서:3 상품요약서:3
  [202. 암수술비(유사암제외)] 약관:3 사업방법서:0 상품요약서:0
  [205. 유사암수술비] 약관:3 사업방법서:3 상품요약서:3
  [206. 다빈치로봇 암수술비(갑상선암 및 전립선암 제외)(최초1회한)(갱신형)] 약관:0 사업방법서:0 상품요약서:0
  [207. 다빈치로봇 갑상선암 및 전립선암수술비(최초1회한)(갱신형)] 약관:0 사업방법서:0 상품요약서:0
  [209. 뇌혈관질환수술비] 약관:3 사업방법서:3 상품요약서:3
  [213. 허혈성심장질환수술비] 약관:3 사업방법서:3 상품요약서:3
  [227. 상해수술비] 약관:3 사업방법서:3 상품요약서:3
  [256. 항암방사선치료비] 약관:3 사업방법서:3 상품요약서:3
  [257. 항암약물치료비] 약관:3 사업방법서:3 상품요약서:3
  [278. 표적항암약물허가치료비(3대특정암)(최초1회한)Ⅱ(갱신형)] 약관:0 사업방법서:0 상품요약서:0
  [279. 표적항암약물허가치료비(림프종·백혈병 관련암)(최초1회한)Ⅱ(갱신형)] 약관:0 사업방법서:0 상품요약서:0
  [280  표적항암약물허가치료비(3대특정암 및 림프종·백혈병 관련암 제외)(최초1회한) Ⅱ(갱신형)] 약관:0 사업방법서:0 상품요약서:0
  [283. 특정항암호르몬약물허가치료비(최초1회한)Ⅱ(갱신형)] 약관:0 사업방법서:0 상품요약서:0
  [291. 카티(CAR-T)항암약물허가치료비(연간1회한)(갱신형)] 약관:0 사업방법서:0 상품요약서:0
  [380. 혈전용해치료비Ⅱ(최초1회한)(특정심장질환) 보장] 약관:3 사업방법서:3 상품요약서:3
  [381. 혈전용해치료비Ⅱ(최초1회한)(뇌졸중) 보장] 약관:3 사업방법서:3 상품요약서:3
  [477. 질병입원일당(1일이상)] 약관:3 사업방법서:0 상품요약서:0
  [490. 상해입원일당(1일이상)Ⅱ] 약관:3 사업방법서:0 상품요약서:0
  [503. 암직접치료입원일당(요양제외,1일이상180일한도)] 약관:3 사업방법서:0 상품요약서:0
  [최초1회] 약관:3 사업방법서:0 상품요약서:0
  [다빈치로봇 암수술비(갑상선암 및 전립선암 제외)(] 약관:0 사업방법서:0 상품요약서:0
  [다빈치로봇 갑상선암 및 전립선암수술비(] 약관:2 사업방법서:0 상품요약서:0

[Step 4] Evidence pack created:
  - Total coverages: 42
  - Matched: 29
  - Unmatched: 13
  - With evidence: 41
  - Without evidence: 1

✓ Evidence pack: /Users/cheollee/inca-rag-scope/data/evidence_pack/kb_evidence_pack.jsonl
✓ Unmatched review: /Users/cheollee/inca-rag-scope/data/scope_v3/kb_step4_unmatched_review.jsonl
