[Step 5] Using STEP NEXT-61 canonical JSONL (converted to temp CSV)
[Step 5] Build Coverage Cards (STEP NEXT-61)
[Step 5] Insurer: kb
[Step 5] Input scope: /var/folders/8c/r6cmpwpx2gb0hyhykzj3390w0000gn/T/step5_kb_44aiijxj.csv
[Step 5] Input evidence: /Users/cheollee/inca-rag-scope/data/evidence_pack/kb_evidence_pack.jsonl

[STEP NEXT-61 Meta Validation]
  Scope file: step5_kb_44aiijxj.csv (temp CSV from JSONL)
  Evidence pack created: 2026-01-01T07:04:28.115751Z
  ✓ Hash validation skipped (JSONL→CSV conversion)

[STEP NEXT-31-P1 Join-rate Gate]
  Scope rows: 42
  Evidence pack rows: 42
  Join hits: 42
  Join rate: 100.00%
  ✓ GATE-5-2 passed: Join rate 100.00% ≥ 95%
  ✓ GATE-5-1 passed: Coverage count matches (42)

[Step 5] Coverage cards created:
  - Total coverages: 42
  - Matched: 29
  - Unmatched: 13
  - Evidence found: 41
  - Evidence not found: 1

✓ Cards: /Users/cheollee/inca-rag-scope/data/compare/kb_coverage_cards.jsonl
