[Step 4] Evidence Search (STEP NEXT-61)
[Step 4] Input SSOT: /Users/cheollee/inca-rag-scope/data/scope_v3/lotte_female_step2_canonical_scope_v1.jsonl
[Step 4] Evidence text: /Users/cheollee/inca-rag-scope/data/evidence_text/lotte_female/
  [상해후유장해(3~100%)] 약관:0 사업방법서:0 상품요약서:0
  [상해사망] 약관:0 사업방법서:0 상품요약서:0
  [질병사망] 약관:0 사업방법서:0 상품요약서:0
  [일반암진단비Ⅱ] 약관:0 사업방법서:0 상품요약서:0
  [갑상선암·기타피부암·유사암진단비] 약관:0 사업방법서:0 상품요약서:0
  [재진단암진단비] 약관:0 사업방법서:0 상품요약서:0
  [고액치료비암진단비] 약관:0 사업방법서:0 상품요약서:0
  [일반암수술비(1회한)] 약관:0 사업방법서:0 상품요약서:0
  [갑상선암·기타피부암·유사암수술비(매회)] 약관:0 사업방법서:0 상품요약서:0
  [항암방사선치료비] 약관:0 사업방법서:0 상품요약서:0
  [항암약물치료비] 약관:0 사업방법서:0 상품요약서:0
  [다빈치로봇암수술비(갑상선암및전립선암제외)(최초1회
한)(갱신형)] 약관:0 사업방법서:0 상품요약서:0
  [다빈치로봇갑상선암및전립선암수술비(최초1회한)(갱신
형)] 약관:0 사업방법서:0 상품요약서:0
  [표적항암약물허가치료비(유방암및비뇨생식기암)(1회
한)(갱신형)] 약관:0 사업방법서:0 상품요약서:0
  [표적항암약물허가치료비(3대주요기관암)(1회한)(갱신
형)] 약관:0 사업방법서:0 상품요약서:0
  [표적항암약물허가치료비(림프종및백혈병관련암)(1회
한)(갱신형)] 약관:0 사업방법서:0 상품요약서:0
  [표적항암약물허가치료비(13대특정암,갑상선암및기타피
부암)(1회한)(갱신형)] 약관:0 사업방법서:0 상품요약서:0
  [카티(CAR-T)항암약물허가치료비(1회한)(갱신형)] 약관:0 사업방법서:0 상품요약서:0
  [암직접입원비(요양병원제외)(1일-120일)] 약관:0 사업방법서:0 상품요약서:0
  [뇌혈관질환진단비] 약관:0 사업방법서:0 상품요약서:0
  [뇌졸중진단비] 약관:0 사업방법서:0 상품요약서:0
  [뇌출혈진단비] 약관:0 사업방법서:0 상품요약서:0
  [뇌경색증(I63) 혈전용해치료비] 약관:0 사업방법서:0 상품요약서:0
  [허혈성심장질환진단비] 약관:0 사업방법서:0 상품요약서:0
  [급성심근경색증(I21) 혈전용해치료비] 약관:0 사업방법서:0 상품요약서:0
  [뇌혈관질환수술비] 약관:0 사업방법서:0 상품요약서:0
  [허혈심장질환수술비] 약관:0 사업방법서:0 상품요약서:0
  [상해입원수술비(당일입원제외)] 약관:0 사업방법서:0 상품요약서:0
  [상해통원수술비(당일입원포함)] 약관:0 사업방법서:0 상품요약서:0
  [질병입원수술비(당일입원제외)] 약관:0 사업방법서:0 상품요약서:0

[Step 4] Evidence pack created:
  - Total coverages: 30
  - Matched: 25
  - Unmatched: 5
  - With evidence: 0
  - Without evidence: 30

✓ Evidence pack: /Users/cheollee/inca-rag-scope/data/evidence_pack/lotte_female_evidence_pack.jsonl
✓ Unmatched review: /Users/cheollee/inca-rag-scope/data/scope_v3/lotte_female_step4_unmatched_review.jsonl
