[Step 5] Using STEP NEXT-61 canonical JSONL (converted to temp CSV)
[Step 5] Build Coverage Cards (STEP NEXT-61)
[Step 5] Insurer: lotte_female
[Step 5] Input scope: /var/folders/8c/r6cmpwpx2gb0hyhykzj3390w0000gn/T/step5_lotte_female_ecll2x8x.csv
[Step 5] Input evidence: /Users/cheollee/inca-rag-scope/data/evidence_pack/lotte_female_evidence_pack.jsonl

[STEP NEXT-61 Meta Validation]
  Scope file: step5_lotte_female_ecll2x8x.csv (temp CSV from JSONL)
  Evidence pack created: 2026-01-01T07:04:48.993619Z
  ✓ Hash validation skipped (JSONL→CSV conversion)

[STEP NEXT-31-P1 Join-rate Gate]
  Scope rows: 30
  Evidence pack rows: 30
  Join hits: 30
  Join rate: 100.00%
  ✓ GATE-5-2 passed: Join rate 100.00% ≥ 95%
  ✓ GATE-5-1 passed: Coverage count matches (30)

[Step 5] Coverage cards created:
  - Total coverages: 30
  - Matched: 25
  - Unmatched: 5
  - Evidence found: 0
  - Evidence not found: 30

✓ Cards: /Users/cheollee/inca-rag-scope/data/compare/lotte_female_coverage_cards.jsonl
