[Step 4] Evidence Search (STEP NEXT-61)
[Step 4] Input SSOT: /Users/cheollee/inca-rag-scope/data/scope_v3/meritz_step2_canonical_scope_v1.jsonl
[Step 4] Evidence text: /Users/cheollee/inca-rag-scope/data/evidence_text/meritz/
  [일반상해80%이상후유장해[기본계약]] 약관:0 사업방법서:0 상품요약서:0
  [일반상해사망] 약관:3 사업방법서:3 상품요약서:3
  [질병사망] 약관:3 사업방법서:3 상품요약서:3
  [일반상해후유장해(3~100%)] 약관:3 사업방법서:0 상품요약서:3
  [암진단비(유사암제외)] 약관:3 사업방법서:0 상품요약서:3
  [유사암진단비] 약관:3 사업방법서:3 상품요약서:3
  [5대고액치료비암진단비] 약관:3 사업방법서:2 상품요약서:3
  [재진단암진단비(1년 대기형)] 약관:3 사업방법서:0 상품요약서:3
  [뇌혈관질환진단비] 약관:3 사업방법서:3 상품요약서:3
  [뇌졸중진단비] 약관:3 사업방법서:3 상품요약서:3
  [뇌출혈진단비] 약관:3 사업방법서:3 상품요약서:3
  [허혈성심장질환진단비] 약관:3 사업방법서:3 상품요약서:3
  [(20년갱신)갱신형 중증질환자(뇌혈관질환) 산정특례대상 진단비(연간1회
한)] 약관:3 사업방법서:0 상품요약서:1
  [(20년갱신)갱신형 중증질환자(심장질환) 산정특례대상 진단비(연간1회한)] 약관:3 사업방법서:0 상품요약서:1
  [암직접치료입원일당(Ⅱ)(요양병원제외, 1일이상)] 약관:3 사업방법서:0 상품요약서:3
  [일반상해입원일당(1일이상)] 약관:3 사업방법서:0 상품요약서:3
  [질병입원일당(1일이상)] 약관:3 사업방법서:0 상품요약서:3
  [일반상해중환자실입원일당(1일이상)] 약관:3 사업방법서:0 상품요약서:3
  [암수술비(유사암제외)] 약관:3 사업방법서:0 상품요약서:3
  [유사암수술비] 약관:3 사업방법서:3 상품요약서:3
  [뇌혈관질환수술비] 약관:3 사업방법서:3 상품요약서:3
  [허혈성심장질환수술비] 약관:3 사업방법서:3 상품요약서:3
  [상해수술비] 약관:3 사업방법서:3 상품요약서:3
  [수술] 약관:3 사업방법서:3 상품요약서:3
  [골절/화상] 약관:0 사업방법서:0 상품요약서:0
  [기타] 약관:3 사업방법서:3 상품요약서:3
  [할증/제도성] 약관:0 사업방법서:0 상품요약서:0
  [보험료 비교(예시)] 약관:0 사업방법서:0 상품요약서:0
  [대표계약 기준 : 남자40세,20년납,100세만기,월납,일반상해80%이상후유장해[기본계약] 5,000만원, 일반상해사망 5,000만원, 질병사망 5,000만원] 약관:0 사업방법서:0 상품요약서:0

[Step 4] Evidence pack created:
  - Total coverages: 29
  - Matched: 20
  - Unmatched: 9
  - With evidence: 29
  - Without evidence: 0

✓ Evidence pack: /Users/cheollee/inca-rag-scope/data/evidence_pack/meritz_evidence_pack.jsonl
✓ Unmatched review: /Users/cheollee/inca-rag-scope/data/scope_v3/meritz_step4_unmatched_review.jsonl
