[Step 4] Evidence Search (STEP NEXT-61)
[Step 4] Input SSOT: /Users/cheollee/inca-rag-scope/data/scope_v3/samsung_step2_canonical_scope_v1.jsonl
[Step 4] Evidence text: /Users/cheollee/inca-rag-scope/data/evidence_text/samsung/
  [암 진단비(유사암 제외)] 약관:3 사업방법서:3 상품요약서:3
  [유사암 진단비(기타피부암)(1년50%)] 약관:3 사업방법서:3 상품요약서:3
  [유사암 진단비(갑상선암)(1년50%)] 약관:3 사업방법서:3 상품요약서:3
  [유사암 진단비(대장점막내암)(1년50%)] 약관:3 사업방법서:3 상품요약서:3
  [유사암 진단비(제자리암)(1년50%)] 약관:3 사업방법서:3 상품요약서:3
  [유사암 진단비(경계성종양)(1년50%)] 약관:3 사업방법서:3 상품요약서:3
  [신재진단암(기타피부암 및 갑상선암 포함) 진단비(1년주기,5회한)] 약관:3 사업방법서:3 상품요약서:3
  [뇌출혈 진단비] 약관:3 사업방법서:3 상품요약서:3
  [뇌졸중 진단비(1년50%)] 약관:3 사업방법서:3 상품요약서:3
  [뇌혈관질환 진단비(1년50%)] 약관:3 사업방법서:3 상품요약서:3
  [허혈성심장질환 진단비(1년50%)] 약관:3 사업방법서:3 상품요약서:3
  [기타 심장부정맥 진단비(1년50%)] 약관:3 사업방법서:3 상품요약서:3
  [특정3대심장질환 진단비(1년50%)] 약관:3 사업방법서:3 상품요약서:3
  [골절 진단비(치아파절(깨짐, 부러짐) 제외)] 약관:3 사업방법서:3 상품요약서:3
  [화상 진단비] 약관:3 사업방법서:3 상품요약서:3
  [상해 입원일당(1일이상)] 약관:3 사업방법서:3 상품요약서:3
  [질병 입원일당(1일이상)] 약관:3 사업방법서:3 상품요약서:3
  [암 직접치료 입원일당Ⅱ(1일이상)(요양병원 제외)] 약관:3 사업방법서:3 상품요약서:3
  [항암방사선·약물 치료비Ⅲ(암(기타피부암 및 갑상선암 제외))] 약관:3 사업방법서:0 상품요약서:0
  [항암방사선·약물 치료비Ⅲ(기타피부암 및 갑상선암)] 약관:3 사업방법서:1 상품요약서:0
  [[갱신형] 표적항암약물허가 치료비(1년50%)] 약관:3 사업방법서:3 상품요약서:3
  [혈전용해 치료비(뇌경색증)] 약관:3 사업방법서:3 상품요약서:3
  [혈전용해 치료비(급성심근경색증)] 약관:3 사업방법서:3 상품요약서:3
  [상해 입원 수술비(당일입원 제외)] 약관:3 사업방법서:3 상품요약서:3
  [상해 통원 수술비(외래 및 당일입원)] 약관:3 사업방법서:3 상품요약서:3
  [질병 입원 수술비Ⅱ(당일입원 제외)] 약관:3 사업방법서:3 상품요약서:3
  [질병 통원 수술비Ⅱ(외래 및 당일입원)] 약관:3 사업방법서:3 상품요약서:3
  [암 수술비(유사암 제외)] 약관:3 사업방법서:3 상품요약서:3
  [수술] 약관:3 사업방법서:3 상품요약서:3
  [장해/장애] 약관:0 사업방법서:0 상품요약서:0
  [간병/사망] 약관:0 사업방법서:0 상품요약서:0

[Step 4] Evidence pack created:
  - Total coverages: 31
  - Matched: 27
  - Unmatched: 4
  - With evidence: 31
  - Without evidence: 0

✓ Evidence pack: /Users/cheollee/inca-rag-scope/data/evidence_pack/samsung_evidence_pack.jsonl
✓ Unmatched review: /Users/cheollee/inca-rag-scope/data/scope_v3/samsung_step4_unmatched_review.jsonl
